#
# A fatal error has been detected by the Java Runtime Environment:
#
#  SIGSEGV (0xb) at pc=0x0000000105108358, pid=685, tid=17411
#
# JRE version: Java(TM) SE Runtime Environment (8.0_91-b14) (build 1.8.0_91-b14)
# Java VM: Java HotSpot(TM) 64-Bit Server VM (25.91-b14 mixed mode bsd-amd64 compressed oops)
# Problematic frame:
# V  [libjvm.dylib+0x448358]  Method::checked_resolve_jmethod_id(_jmethodID*)+0xe
#
# Failed to write core dump. Core dumps have been disabled. To enable core dumping, try "ulimit -c unlimited" before starting Java again
#
# If you would like to submit a bug report, please visit:
#   http://bugreport.java.com/bugreport/crash.jsp
#

---------------  T H R E A D  ---------------

Current thread (0x00007f879b07d000):  JavaThread "JDWP Transport Listener: dt_socket" daemon [_thread_in_vm, id=17411, stack(0x0000700008de3000,0x0000700008ee3000)]

siginfo: si_signo: 11 (SIGSEGV), si_code: 0 (unknown), si_addr: 0x0000000000000000

Registers:
RAX=0x0000000000000001, RBX=0x0000700008ee2a8b, RCX=0x00000001054d8340, RDX=0x0000700008ee2a8b
RSP=0x0000700008ee29d0, RBP=0x0000700008ee29e0, RSI=0x00007f879b07d000, RDI=0x65746c6946000002
R8 =0x0000000000000000, R9 =0x00007f879a523340, R10=0x0000000000000001, R11=0x0000000000000001
R12=0x00007f879b07d000, R13=0x65746c6946000002, R14=0x65746c6946000002, R15=0x00007f879a601880
RIP=0x0000000105108358, EFLAGS=0x0000000000010202, ERR=0x0000000000000000
  TRAPNO=0x000000000000000d

Top of Stack: (sp=0x0000700008ee29d0)
0x0000700008ee29d0:   0000700008ee2a8b 0000700008ee2a8b
0x0000700008ee29e0:   0000700008ee2a40 0000000105017316
0x0000700008ee29f0:   00007f879b07d000 0000000000000000
0x0000700008ee2a00:   0000000000000000 0000000000000000
0x0000700008ee2a10:   00007f879b07d000 00007f879b07d000
0x0000700008ee2a20:   0000700008ee2a8b 0000700008ee2a90
0x0000700008ee2a30:   65746c6946000002 0000000000000002
0x0000700008ee2a40:   0000700008ee2a60 0000000103ea9780
0x0000700008ee2a50:   0000000000000001 0000700008ee2b08
0x0000700008ee2a60:   0000700008ee2ad0 0000000103e8e1f3
0x0000700008ee2a70:   0000700008ee2aa0 00007f879d001e10
0x0000700008ee2a80:   0000000300000032 f000100a01ee2b08
0x0000700008ee2a90:   0000000000000000 0000000000000000
0x0000700008ee2aa0:   0000000000000000 0000700008ee2c90
0x0000700008ee2ab0:   0000000103eb0e7a 00007f879cf85dd0
0x0000700008ee2ac0:   0000700008ee2b08 0000000103ebc598
0x0000700008ee2ad0:   0000700008ee2ae0 0000000103e8e2ec
0x0000700008ee2ae0:   0000700008ee2d00 0000000103e97898
0x0000700008ee2af0:   000004f400000013 00000000000f0200
0x0000700008ee2b00:   00007f879cf9b430 0000700008ee2c05
0x0000700008ee2b10:   00007f870000007f 0000700008ee2b20
0x0000700008ee2b20:   00007f87000000ad 0000700008ee2b58
0x0000700008ee2b30:   0000000000000000 0000000000000000
0x0000700008ee2b40:   000004f400000055 00007f8700003c80
0x0000700008ee2b50:   0000700008ee2b58 877f000003000000
0x0000700008ee2b60:   0c0000006097ed9c 65726f6665426e6f
0x0000700008ee2b70:   2b00000065766153 6c2f6176616a4c28
0x0000700008ee2b80:   656a624f2f676e61 2f6d6f634c3b7463
0x0000700008ee2b90:   2f62646f676e6f6d 7463656a624f4244
0x0000700008ee2ba0:   000000000056293b 9c877f0000010000
0x0000700008ee2bb0:   6c080000005897ed 0030246164626d61
0x0000700008ee2bc0:   76616a4c283a0000 64696c61762f7861 

Instructions: (pc=0x0000000105108358)
0x0000000105108338:   40 48 48 85 c0 75 e0 30 c0 0f b6 c0 5d c3 31 c0
0x0000000105108348:   5d c3 55 48 89 e5 53 48 83 ec 08 48 85 ff 74 24
0x0000000105108358:   48 8b 1f 48 85 db 74 1c 48 83 fb 37 74 16 48 8b
0x0000000105108368:   03 48 89 df ff 50 10 84 c0 b8 00 00 00 00 48 0f 

Register to memory mapping:

RAX=0x0000000000000001 is an unknown value
RBX=0x0000700008ee2a8b is pointing into the stack for thread: 0x00007f879b07d000
RCX=0x00000001054d8340: UseMembar+0 in /Library/Java/JavaVirtualMachines/jdk1.8.0_91.jdk/Contents/Home/jre/lib/server/libjvm.dylib at 0x0000000104cc0000
RDX=0x0000700008ee2a8b is pointing into the stack for thread: 0x00007f879b07d000
RSP=0x0000700008ee29d0 is pointing into the stack for thread: 0x00007f879b07d000
RBP=0x0000700008ee29e0 is pointing into the stack for thread: 0x00007f879b07d000
RSI=0x00007f879b07d000 is a thread
RDI=0x65746c6946000002 is an unknown value
R8 =0x0000000000000000 is an unknown value
R9 =0x00007f879a523340 is an unknown value
R10=0x0000000000000001 is an unknown value
R11=0x0000000000000001 is an unknown value
R12=0x00007f879b07d000 is a thread
R13=0x65746c6946000002 is an unknown value
R14=0x65746c6946000002 is an unknown value
R15=0x00007f879a601880 is an unknown value


Stack: [0x0000700008de3000,0x0000700008ee3000],  sp=0x0000700008ee29d0,  free space=1022k
Native frames: (J=compiled Java code, j=interpreted, Vv=VM code, C=native code)
V  [libjvm.dylib+0x448358]  Method::checked_resolve_jmethod_id(_jmethodID*)+0xe
V  [libjvm.dylib+0x357316]  jvmti_IsMethodSynthetic+0xb2
C  [libjdwp.dylib+0x20780]  isMethodSynthetic+0x63
C  [libjdwp.dylib+0x51f3]  methods1+0x10b
C  [libjdwp.dylib+0x52ec]  methodsWithGeneric+0xe
C  [libjdwp.dylib+0xe898]  debugLoop_run+0x1ce
C  [libjdwp.dylib+0x1f6ba]  attachThread+0x4d
V  [libjvm.dylib+0x39867c]  JvmtiAgentThread::call_start_function()+0x38
V  [libjvm.dylib+0x563d17]  JavaThread::thread_main_inner()+0x9b
V  [libjvm.dylib+0x565412]  JavaThread::run()+0x1c2
V  [libjvm.dylib+0x484f82]  java_start(Thread*)+0xf6
C  [libsystem_pthread.dylib+0x393b]  _pthread_body+0xb4
C  [libsystem_pthread.dylib+0x3887]  _pthread_body+0x0
C  [libsystem_pthread.dylib+0x308d]  thread_start+0xd
C  0x0000000000000000


---------------  P R O C E S S  ---------------

Java Threads: ( => current thread )
  0x00007f879a91d000 JavaThread "server" [_thread_blocked, id=40195, stack(0x000070000bc6d000,0x000070000bd6d000)]
  0x00007f879c2d0800 JavaThread "File Watcher" daemon [_thread_in_vm, id=39683, stack(0x000070000bb6a000,0x000070000bc6a000)]
  0x00007f879b4b3800 JavaThread "nioEventLoopGroup-9-2" [_thread_in_native, id=34599, stack(0x000070000ba67000,0x000070000bb67000)]
  0x00007f879bad3000 JavaThread "CleanCursors-8-thread-1" daemon [_thread_blocked, id=30999, stack(0x000070000b964000,0x000070000ba64000)]
  0x00007f879c2ce800 JavaThread "cluster-ClusterId{value='5aed6c75acb1da02ad20b21c', description='null'}-localhost:27017" daemon [_thread_blocked, id=33555, stack(0x000070000b75e000,0x000070000b85e000)]
  0x00007f879bad0800 JavaThread "nioEventLoopGroup-9-1" [_thread_in_native, id=37131, stack(0x000070000b558000,0x000070000b658000)]
  0x00007f879a94b800 JavaThread "cluster-ClusterId{value='5aed6c75acb1da02ad20b21b', description='null'}-localhost:27017" daemon [_thread_blocked, id=32535, stack(0x000070000aa37000,0x000070000ab37000)]
  0x00007f879c2d1800 JavaThread "reactor-http-nio-4" daemon [_thread_in_native, id=35599, stack(0x000070000a425000,0x000070000a525000)]
  0x00007f879a9f7000 JavaThread "reactor-http-nio-3" daemon [_thread_in_native, id=4639, stack(0x000070000a322000,0x000070000a422000)]
  0x00007f879b50f000 JavaThread "reactor-http-nio-2" daemon [_thread_in_native, id=27675, stack(0x000070000a21f000,0x000070000a31f000)]
  0x00007f879b503800 JavaThread "reactor-http-nio-1" daemon [_thread_in_native, id=39175, stack(0x000070000a019000,0x000070000a119000)]
  0x00007f879bec7800 JavaThread "nioEventLoopGroup-8-2" [_thread_in_native, id=34847, stack(0x000070000b861000,0x000070000b961000)]
  0x00007f879b4a8000 JavaThread "nioEventLoopGroup-8-1" [_thread_in_native, id=26643, stack(0x000070000b352000,0x000070000b452000)]
  0x00007f879c26f800 JavaThread "nioEventLoopGroup-7-2" [_thread_in_native, id=36111, stack(0x000070000b65b000,0x000070000b75b000)]
  0x00007f879aa4f800 JavaThread "nioEventLoopGroup-7-1" [_thread_in_native, id=24091, stack(0x000070000b14c000,0x000070000b24c000)]
  0x00007f879b521800 JavaThread "nioEventLoopGroup-6-2" [_thread_in_native, id=25619, stack(0x000070000b455000,0x000070000b555000)]
  0x00007f879a898000 JavaThread "nioEventLoopGroup-6-1" [_thread_in_native, id=31499, stack(0x000070000af46000,0x000070000b046000)]
  0x00007f879c108800 JavaThread "nioEventLoopGroup-5-2" [_thread_in_native, id=23063, stack(0x000070000b24f000,0x000070000b34f000)]
  0x00007f879b50b800 JavaThread "nioEventLoopGroup-5-1" [_thread_in_native, id=28171, stack(0x000070000ad40000,0x000070000ae40000)]
  0x00007f879b5e4000 JavaThread "nioEventLoopGroup-4-2" [_thread_in_native, id=34051, stack(0x000070000b049000,0x000070000b149000)]
  0x00007f879a93d000 JavaThread "nioEventLoopGroup-4-1" [_thread_in_native, id=24587, stack(0x000070000ab3a000,0x000070000ac3a000)]
  0x00007f879a8ac000 JavaThread "parallel-4" daemon [_thread_blocked, id=29963, stack(0x0000700009b0a000,0x0000700009c0a000)]
  0x00007f879c271000 JavaThread "parallel-3" daemon [_thread_blocked, id=33027, stack(0x000070000ae43000,0x000070000af43000)]
  0x00007f879bec3000 JavaThread "nioEventLoopGroup-3-2" [_thread_in_native, id=32003, stack(0x000070000ac3d000,0x000070000ad3d000)]
  0x00007f879bec1800 JavaThread "nioEventLoopGroup-3-1" [_thread_in_native, id=30467, stack(0x000070000a934000,0x000070000aa34000)]
  0x00007f879c067800 JavaThread "parallel-2" daemon [_thread_blocked, id=29447, stack(0x0000700009a07000,0x0000700009b07000)]
  0x00007f879b575000 JavaThread "DestroyJavaVM" [_thread_blocked, id=6915, stack(0x00007000083c2000,0x00007000084c2000)]
  0x00007f879b864000 JavaThread "parallel-1" daemon [_thread_blocked, id=28931, stack(0x000070000a62b000,0x000070000a72b000)]
  0x00007f879a9d3800 JavaThread "Live Reload Server" daemon [_thread_in_native, id=5131, stack(0x000070000a528000,0x000070000a628000)]
  0x00007f879b39a000 JavaThread "nioEventLoopGroup-2-2" [_thread_in_native, id=3847, stack(0x00007000082bc000,0x00007000083bc000)]
  0x00007f879a994000 JavaThread "nioEventLoopGroup-2-1" [_thread_in_native, id=27139, stack(0x000070000a11c000,0x000070000a21c000)]
  0x00007f879a992000 JavaThread "ObjectCleanerThread" daemon [_thread_blocked, id=26115, stack(0x0000700009f16000,0x000070000a016000)]
  0x00007f879b25c000 JavaThread "RMI TCP Accept-0" daemon [_thread_in_native, id=22019, stack(0x00007000096fe000,0x00007000097fe000)]
  0x00007f879ba91000 JavaThread "RMI TCP Accept-49497" daemon [_thread_in_native, id=21507, stack(0x00007000095fb000,0x00007000096fb000)]
  0x00007f879ba95800 JavaThread "RMI TCP Accept-0" daemon [_thread_in_native, id=20995, stack(0x00007000094f8000,0x00007000095f8000)]
  0x00007f879b80e800 JavaThread "Service Thread" daemon [_thread_blocked, id=20483, stack(0x00007000093f5000,0x00007000094f5000)]
  0x00007f879c018800 JavaThread "C1 CompilerThread2" daemon [_thread_blocked, id=19971, stack(0x00007000092f2000,0x00007000093f2000)]
  0x00007f879b080000 JavaThread "C2 CompilerThread1" daemon [_thread_blocked, id=19459, stack(0x00007000091ef000,0x00007000092ef000)]
  0x00007f879a81a000 JavaThread "C2 CompilerThread0" daemon [_thread_blocked, id=18947, stack(0x00007000090ec000,0x00007000091ec000)]
  0x00007f879b07e800 JavaThread "JDWP Command Reader" daemon [_thread_in_native, id=18435, stack(0x0000700008fe9000,0x00007000090e9000)]
  0x00007f879b07e000 JavaThread "JDWP Event Helper Thread" daemon [_thread_blocked, id=17923, stack(0x0000700008ee6000,0x0000700008fe6000)]
=>0x00007f879b07d000 JavaThread "JDWP Transport Listener: dt_socket" daemon [_thread_in_vm, id=17411, stack(0x0000700008de3000,0x0000700008ee3000)]
  0x00007f879a819000 JavaThread "Signal Dispatcher" daemon [_thread_blocked, id=16899, stack(0x0000700008ce0000,0x0000700008de0000)]
  0x00007f879b05b000 JavaThread "Finalizer" daemon [_thread_blocked, id=12291, stack(0x0000700008ad7000,0x0000700008bd7000)]
  0x00007f879c010000 JavaThread "Reference Handler" daemon [_thread_blocked, id=11779, stack(0x00007000089d4000,0x0000700008ad4000)]

Other Threads:
  0x00007f879b04e800 VMThread [stack: 0x00007000088d1000,0x00007000089d1000] [id=11267]
  0x00007f879b27f000 WatcherThread [stack: 0x0000700009801000,0x0000700009901000] [id=22531]

VM state:not at safepoint (normal execution)

VM Mutex/Monitor currently owned by a thread: None

Heap:
 PSYoungGen      total 242688K, used 95172K [0x0000000795580000, 0x00000007a5100000, 0x00000007c0000000)
  eden space 228864K, 41% used [0x0000000795580000,0x000000079b2712f8,0x00000007a3500000)
  from space 13824K, 0% used [0x00000007a4380000,0x00000007a4380000,0x00000007a5100000)
  to   space 14336K, 0% used [0x00000007a3500000,0x00000007a3500000,0x00000007a4300000)
 ParOldGen       total 83968K, used 25653K [0x0000000740000000, 0x0000000745200000, 0x0000000795580000)
  object space 83968K, 30% used [0x0000000740000000,0x000000074190d710,0x0000000745200000)
 Metaspace       used 42106K, capacity 45124K, committed 45312K, reserved 1087488K
  class space    used 5867K, capacity 6558K, committed 6656K, reserved 1048576K

Card table byte_map: [0x0000000114c54000,0x0000000115055000] byte_map_base: 0x0000000111254000

Marking Bits: (ParMarkBitMap*) 0x00000001055a6eb0
 Begin Bits: [0x0000000115300000, 0x0000000117300000)
 End Bits:   [0x0000000117300000, 0x0000000119300000)

Polling page: 0x0000000103e88000

CodeCache: size=245760Kb used=11774Kb max_used=11774Kb free=233985Kb
 bounds [0x0000000105c54000, 0x00000001067e4000, 0x0000000114c54000]
 total_blobs=6463 nmethods=5987 adapters=395
 compilation: enabled

Compilation events (10 events):
Event: 1135.552 Thread 0x00007f879c018800 6099   !   1       com.mongodb.connection.netty.NettyStream::readAsync (253 bytes)
Event: 1135.560 Thread 0x00007f879c018800 nmethod 6099 0x00000001067d46d0 code [0x00000001067d4980, 0x00000001067d55d8]
Event: 1135.560 Thread 0x00007f879c018800 6101       1       io.netty.buffer.CompositeByteBuf::<init> (44 bytes)
Event: 1135.561 Thread 0x00007f879c018800 nmethod 6101 0x00000001067d6490 code [0x00000001067d6640, 0x00000001067d6938]
Event: 1135.561 Thread 0x00007f879c018800 6100       1       com.mongodb.connection.netty.NettyStream::scheduleReadTimeout (6 bytes)
Event: 1135.562 Thread 0x00007f879c018800 nmethod 6100 0x00000001067d6b50 code [0x00000001067d6cc0, 0x00000001067d6e08]
Event: 1135.564 Thread 0x00007f879c018800 6102   !   1       io.netty.channel.AbstractChannelHandlerContext::invokeFlush0 (23 bytes)
Event: 1135.564 Thread 0x00007f879c018800 nmethod 6102 0x00000001067d6e90 code [0x00000001067d7020, 0x00000001067d7228]
Event: 1135.564 Thread 0x00007f879c018800 6103       1       java.util.concurrent.atomic.AtomicReferenceArray::checkedByteOffset (45 bytes)
Event: 1135.565 Thread 0x00007f879c018800 nmethod 6103 0x00000001067d7350 code [0x00000001067d7500, 0x00000001067d78f8]

GC Heap History (10 events):
Event: 1100.391 GC heap before
{Heap before GC invocations=21 (full 7):
 PSYoungGen      total 243712K, used 3328K [0x0000000795580000, 0x00000007a5200000, 0x00000007c0000000)
  eden space 228864K, 0% used [0x0000000795580000,0x0000000795580000,0x00000007a3500000)
  from space 14848K, 22% used [0x00000007a4380000,0x00000007a46c0350,0x00000007a5200000)
  to   space 14848K, 0% used [0x00000007a3500000,0x00000007a3500000,0x00000007a4380000)
 ParOldGen       total 83968K, used 23675K [0x0000000740000000, 0x0000000745200000, 0x0000000795580000)
  object space 83968K, 28% used [0x0000000740000000,0x000000074171ec30,0x0000000745200000)
 Metaspace       used 41691K, capacity 44470K, committed 44544K, reserved 1087488K
  class space    used 5805K, capacity 6389K, committed 6400K, reserved 1048576K
Event: 1100.507 GC heap after
Heap after GC invocations=21 (full 7):
 PSYoungGen      total 243712K, used 0K [0x0000000795580000, 0x00000007a5200000, 0x00000007c0000000)
  eden space 228864K, 0% used [0x0000000795580000,0x0000000795580000,0x00000007a3500000)
  from space 14848K, 0% used [0x00000007a4380000,0x00000007a4380000,0x00000007a5200000)
  to   space 14848K, 0% used [0x00000007a3500000,0x00000007a3500000,0x00000007a4380000)
 ParOldGen       total 83968K, used 24359K [0x0000000740000000, 0x0000000745200000, 0x0000000795580000)
  object space 83968K, 29% used [0x0000000740000000,0x00000007417c9df0,0x0000000745200000)
 Metaspace       used 41691K, capacity 44470K, committed 44544K, reserved 1087488K
  class space    used 5805K, capacity 6389K, committed 6400K, reserved 1048576K
}
Event: 1104.109 GC heap before
{Heap before GC invocations=22 (full 7):
 PSYoungGen      total 243712K, used 95374K [0x0000000795580000, 0x00000007a5200000, 0x00000007c0000000)
  eden space 228864K, 41% used [0x0000000795580000,0x000000079b2a3b80,0x00000007a3500000)
  from space 14848K, 0% used [0x00000007a4380000,0x00000007a4380000,0x00000007a5200000)
  to   space 14848K, 0% used [0x00000007a3500000,0x00000007a3500000,0x00000007a4380000)
 ParOldGen       total 83968K, used 24359K [0x0000000740000000, 0x0000000745200000, 0x0000000795580000)
  object space 83968K, 29% used [0x0000000740000000,0x00000007417c9df0,0x0000000745200000)
 Metaspace       used 41867K, capacity 44746K, committed 44928K, reserved 1087488K
  class space    used 5832K, capacity 6455K, committed 6528K, reserved 1048576K
Event: 1104.113 GC heap after
Heap after GC invocations=22 (full 7):
 PSYoungGen      total 243712K, used 3296K [0x0000000795580000, 0x00000007a5200000, 0x00000007c0000000)
  eden space 228864K, 0% used [0x0000000795580000,0x0000000795580000,0x00000007a3500000)
  from space 14848K, 22% used [0x00000007a3500000,0x00000007a3838000,0x00000007a4380000)
  to   space 14848K, 0% used [0x00000007a4380000,0x00000007a4380000,0x00000007a5200000)
 ParOldGen       total 83968K, used 24367K [0x0000000740000000, 0x0000000745200000, 0x0000000795580000)
  object space 83968K, 29% used [0x0000000740000000,0x00000007417cbdf0,0x0000000745200000)
 Metaspace       used 41867K, capacity 44746K, committed 44928K, reserved 1087488K
  class space    used 5832K, capacity 6455K, committed 6528K, reserved 1048576K
}
Event: 1104.113 GC heap before
{Heap before GC invocations=23 (full 8):
 PSYoungGen      total 243712K, used 3296K [0x0000000795580000, 0x00000007a5200000, 0x00000007c0000000)
  eden space 228864K, 0% used [0x0000000795580000,0x0000000795580000,0x00000007a3500000)
  from space 14848K, 22% used [0x00000007a3500000,0x00000007a3838000,0x00000007a4380000)
  to   space 14848K, 0% used [0x00000007a4380000,0x00000007a4380000,0x00000007a5200000)
 ParOldGen       total 83968K, used 24367K [0x0000000740000000, 0x0000000745200000, 0x0000000795580000)
  object space 83968K, 29% used [0x0000000740000000,0x00000007417cbdf0,0x0000000745200000)
 Metaspace       used 41867K, capacity 44746K, committed 44928K, reserved 1087488K
  class space    used 5832K, capacity 6455K, committed 6528K, reserved 1048576K
Event: 1104.245 GC heap after
Heap after GC invocations=23 (full 8):
 PSYoungGen      total 243712K, used 0K [0x0000000795580000, 0x00000007a5200000, 0x00000007c0000000)
  eden space 228864K, 0% used [0x0000000795580000,0x0000000795580000,0x00000007a3500000)
  from space 14848K, 0% used [0x00000007a3500000,0x00000007a3500000,0x00000007a4380000)
  to   space 14848K, 0% used [0x00000007a4380000,0x00000007a4380000,0x00000007a5200000)
 ParOldGen       total 83968K, used 25003K [0x0000000740000000, 0x0000000745200000, 0x0000000795580000)
  object space 83968K, 29% used [0x0000000740000000,0x000000074186ac18,0x0000000745200000)
 Metaspace       used 41867K, capacity 44746K, committed 44928K, reserved 1087488K
  class space    used 5832K, capacity 6455K, committed 6528K, reserved 1048576K
}
Event: 1108.502 GC heap before
{Heap before GC invocations=24 (full 8):
 PSYoungGen      total 243712K, used 95867K [0x0000000795580000, 0x00000007a5200000, 0x00000007c0000000)
  eden space 228864K, 41% used [0x0000000795580000,0x000000079b31ed60,0x00000007a3500000)
  from space 14848K, 0% used [0x00000007a3500000,0x00000007a3500000,0x00000007a4380000)
  to   space 14848K, 0% used [0x00000007a4380000,0x00000007a4380000,0x00000007a5200000)
 ParOldGen       total 83968K, used 25003K [0x0000000740000000, 0x0000000745200000, 0x0000000795580000)
  object space 83968K, 29% used [0x0000000740000000,0x000000074186ac18,0x0000000745200000)
 Metaspace       used 41966K, capacity 44866K, committed 44928K, reserved 1087488K
  class space    used 5844K, capacity 6495K, committed 6528K, reserved 1048576K
Event: 1108.505 GC heap after
Heap after GC invocations=24 (full 8):
 PSYoungGen      total 242688K, used 3296K [0x0000000795580000, 0x00000007a5100000, 0x00000007c0000000)
  eden space 228864K, 0% used [0x0000000795580000,0x0000000795580000,0x00000007a3500000)
  from space 13824K, 23% used [0x00000007a4380000,0x00000007a46b8000,0x00000007a5100000)
  to   space 14336K, 0% used [0x00000007a3500000,0x00000007a3500000,0x00000007a4300000)
 ParOldGen       total 83968K, used 25011K [0x0000000740000000, 0x0000000745200000, 0x0000000795580000)
  object space 83968K, 29% used [0x0000000740000000,0x000000074186cc18,0x0000000745200000)
 Metaspace       used 41966K, capacity 44866K, committed 44928K, reserved 1087488K
  class space    used 5844K, capacity 6495K, committed 6528K, reserved 1048576K
}
Event: 1108.505 GC heap before
{Heap before GC invocations=25 (full 9):
 PSYoungGen      total 242688K, used 3296K [0x0000000795580000, 0x00000007a5100000, 0x00000007c0000000)
  eden space 228864K, 0% used [0x0000000795580000,0x0000000795580000,0x00000007a3500000)
  from space 13824K, 23% used [0x00000007a4380000,0x00000007a46b8000,0x00000007a5100000)
  to   space 14336K, 0% used [0x00000007a3500000,0x00000007a3500000,0x00000007a4300000)
 ParOldGen       total 83968K, used 25011K [0x0000000740000000, 0x0000000745200000, 0x0000000795580000)
  object space 83968K, 29% used [0x0000000740000000,0x000000074186cc18,0x0000000745200000)
 Metaspace       used 41966K, capacity 44866K, committed 44928K, reserved 1087488K
  class space    used 5844K, capacity 6495K, committed 6528K, reserved 1048576K
Event: 1108.604 GC heap after
Heap after GC invocations=25 (full 9):
 PSYoungGen      total 242688K, used 0K [0x0000000795580000, 0x00000007a5100000, 0x00000007c0000000)
  eden space 228864K, 0% used [0x0000000795580000,0x0000000795580000,0x00000007a3500000)
  from space 13824K, 0% used [0x00000007a4380000,0x00000007a4380000,0x00000007a5100000)
  to   space 14336K, 0% used [0x00000007a3500000,0x00000007a3500000,0x00000007a4300000)
 ParOldGen       total 83968K, used 25653K [0x0000000740000000, 0x0000000745200000, 0x0000000795580000)
  object space 83968K, 30% used [0x0000000740000000,0x000000074190d710,0x0000000745200000)
 Metaspace       used 41966K, capacity 44866K, committed 44928K, reserved 1087488K
  class space    used 5844K, capacity 6495K, committed 6528K, reserved 1048576K
}

Deoptimization events (0 events):
No events

Internal exceptions (10 events):
Event: 1109.837 Thread 0x00007f879bce7800 Exception <a 'java/lang/ArrayIndexOutOfBoundsException'> (0x000000079ab3f8e0) thrown at [/Users/java_re/workspace/8-2-build-macosx-x86_64/jdk8u91/6644/hotspot/src/share/vm/runtime/sharedRuntime.cpp, line 605]
Event: 1109.837 Thread 0x00007f879bce7800 Exception <a 'java/lang/ArrayIndexOutOfBoundsException'> (0x000000079ab45000) thrown at [/Users/java_re/workspace/8-2-build-macosx-x86_64/jdk8u91/6644/hotspot/src/share/vm/runtime/sharedRuntime.cpp, line 605]
Event: 1109.839 Thread 0x00007f879bce7800 Exception <a 'java/lang/ArrayIndexOutOfBoundsException'> (0x000000079ab897c0) thrown at [/Users/java_re/workspace/8-2-build-macosx-x86_64/jdk8u91/6644/hotspot/src/share/vm/runtime/sharedRuntime.cpp, line 605]
Event: 1109.839 Thread 0x00007f879bce7800 Exception <a 'java/lang/ArrayIndexOutOfBoundsException'> (0x000000079ab8af88) thrown at [/Users/java_re/workspace/8-2-build-macosx-x86_64/jdk8u91/6644/hotspot/src/share/vm/runtime/sharedRuntime.cpp, line 605]
Event: 1119.703 Thread 0x00007f879a9f7000 NullPointerException at vtable entry 0x0000000105d67ad0
Event: 1119.704 Thread 0x00007f879a9f7000 Exception <a 'java/lang/NullPointerException'> (0x000000079af68a10) thrown at [/Users/java_re/workspace/8-2-build-macosx-x86_64/jdk8u91/6644/hotspot/src/share/vm/runtime/sharedRuntime.cpp, line 605]
Event: 1125.728 Thread 0x00007f879a9f7000 NullPointerException at vtable entry 0x0000000105d67ad0
Event: 1125.729 Thread 0x00007f879a9f7000 Exception <a 'java/lang/NullPointerException'> (0x000000079b0034e0) thrown at [/Users/java_re/workspace/8-2-build-macosx-x86_64/jdk8u91/6644/hotspot/src/share/vm/runtime/sharedRuntime.cpp, line 605]
Event: 1135.543 Thread 0x00007f879a9f7000 NullPointerException at vtable entry 0x0000000105d67ad0
Event: 1135.543 Thread 0x00007f879a9f7000 Exception <a 'java/lang/NullPointerException'> (0x000000079b0312f0) thrown at [/Users/java_re/workspace/8-2-build-macosx-x86_64/jdk8u91/6644/hotspot/src/share/vm/runtime/sharedRuntime.cpp, line 605]

Events (10 events):
Event: 1135.560 Executing VM operation: RevokeBias
Event: 1135.561 Executing VM operation: RevokeBias done
Event: 1135.563 Executing VM operation: RevokeBias
Event: 1135.563 Executing VM operation: RevokeBias done
Event: 1139.597 Executing VM operation: ChangeBreakpoints
Event: 1139.599 Executing VM operation: ChangeBreakpoints done
Event: 1139.601 Executing VM operation: ChangeBreakpoints
Event: 1139.603 Executing VM operation: ChangeBreakpoints done
Event: 1139.604 Executing VM operation: ChangeBreakpoints
Event: 1139.606 Executing VM operation: ChangeBreakpoints done


Dynamic libraries:
0x0000000030a61000 	/System/Library/Frameworks/Cocoa.framework/Versions/A/Cocoa
0x0000000030a61000 	/System/Library/Frameworks/Security.framework/Versions/A/Security
0x0000000030a61000 	/System/Library/Frameworks/ApplicationServices.framework/Versions/A/ApplicationServices
0x0000000030a61000 	/usr/lib/libz.1.dylib
0x0000000030a61000 	/usr/lib/libSystem.B.dylib
0x0000000030a61000 	/usr/lib/libobjc.A.dylib
0x0000000030a61000 	/System/Library/Frameworks/CoreFoundation.framework/Versions/A/CoreFoundation
0x0000000030a61000 	/System/Library/Frameworks/Foundation.framework/Versions/C/Foundation
0x0000000030a61000 	/System/Library/Frameworks/AppKit.framework/Versions/C/AppKit
0x0000000030a61000 	/System/Library/Frameworks/CoreData.framework/Versions/A/CoreData
0x0000000030a61000 	/System/Library/PrivateFrameworks/RemoteViewServices.framework/Versions/A/RemoteViewServices
0x0000000030a61000 	/System/Library/PrivateFrameworks/UIFoundation.framework/Versions/A/UIFoundation
0x0000000030a61000 	/System/Library/PrivateFrameworks/DFRFoundation.framework/Versions/A/DFRFoundation
0x0000000030a61000 	/usr/lib/libenergytrace.dylib
0x0000000030a61000 	/System/Library/PrivateFrameworks/SkyLight.framework/Versions/A/SkyLight
0x0000000030a61000 	/System/Library/Frameworks/CoreGraphics.framework/Versions/A/CoreGraphics
0x0000000030a61000 	/usr/lib/libScreenReader.dylib
0x0000000030a61000 	/System/Library/Frameworks/Accelerate.framework/Versions/A/Accelerate
0x0000000030a61000 	/System/Library/Frameworks/IOSurface.framework/Versions/A/IOSurface
0x0000000030a61000 	/System/Library/Frameworks/AudioToolbox.framework/Versions/A/AudioToolbox
0x0000000030a61000 	/System/Library/Frameworks/AudioUnit.framework/Versions/A/AudioUnit
0x0000000030a61000 	/System/Library/PrivateFrameworks/DataDetectorsCore.framework/Versions/A/DataDetectorsCore
0x0000000030a61000 	/System/Library/PrivateFrameworks/DesktopServicesPriv.framework/Versions/A/DesktopServicesPriv
0x0000000030a61000 	/System/Library/Frameworks/Carbon.framework/Versions/A/Frameworks/HIToolbox.framework/Versions/A/HIToolbox
0x0000000030a61000 	/usr/lib/libicucore.A.dylib
0x0000000030a61000 	/System/Library/Frameworks/QuartzCore.framework/Versions/A/QuartzCore
0x0000000030a61000 	/System/Library/Frameworks/Carbon.framework/Versions/A/Frameworks/SpeechRecognition.framework/Versions/A/SpeechRecognition
0x0000000030a61000 	/usr/lib/libauto.dylib
0x0000000030a61000 	/usr/lib/libxml2.2.dylib
0x0000000030a61000 	/System/Library/PrivateFrameworks/CoreUI.framework/Versions/A/CoreUI
0x0000000030a61000 	/System/Library/Frameworks/CoreAudio.framework/Versions/A/CoreAudio
0x0000000030a61000 	/System/Library/Frameworks/DiskArbitration.framework/Versions/A/DiskArbitration
0x0000000030a61000 	/usr/lib/liblangid.dylib
0x0000000030a61000 	/System/Library/PrivateFrameworks/MultitouchSupport.framework/Versions/A/MultitouchSupport
0x0000000030a61000 	/System/Library/Frameworks/IOKit.framework/Versions/A/IOKit
0x0000000030a61000 	/usr/lib/libDiagnosticMessagesClient.dylib
0x0000000030a61000 	/System/Library/Frameworks/CoreServices.framework/Versions/A/CoreServices
0x0000000030a61000 	/System/Library/PrivateFrameworks/PerformanceAnalysis.framework/Versions/A/PerformanceAnalysis
0x0000000030a61000 	/System/Library/PrivateFrameworks/GenerationalStorage.framework/Versions/A/GenerationalStorage
0x0000000030a61000 	/System/Library/Frameworks/OpenGL.framework/Versions/A/OpenGL
0x0000000030a61000 	/System/Library/Frameworks/CoreImage.framework/Versions/A/CoreImage
0x0000000030a61000 	/System/Library/Frameworks/CoreText.framework/Versions/A/CoreText
0x0000000030a61000 	/System/Library/Frameworks/ImageIO.framework/Versions/A/ImageIO
0x0000000030a61000 	/System/Library/PrivateFrameworks/Backup.framework/Versions/A/Backup
0x0000000030a61000 	/usr/lib/libarchive.2.dylib
0x0000000030a61000 	/System/Library/Frameworks/CFNetwork.framework/Versions/A/CFNetwork
0x0000000030a61000 	/System/Library/Frameworks/SystemConfiguration.framework/Versions/A/SystemConfiguration
0x0000000030a61000 	/usr/lib/libCRFSuite.dylib
0x0000000030a61000 	/usr/lib/libc++.1.dylib
0x0000000030a61000 	/usr/lib/libc++abi.dylib
0x0000000030a61000 	/usr/lib/system/libcache.dylib
0x0000000030a61000 	/usr/lib/system/libcommonCrypto.dylib
0x0000000030a61000 	/usr/lib/system/libcompiler_rt.dylib
0x0000000030a61000 	/usr/lib/system/libcopyfile.dylib
0x0000000030a61000 	/usr/lib/system/libcorecrypto.dylib
0x0000000030a61000 	/usr/lib/system/libdispatch.dylib
0x0000000030a61000 	/usr/lib/system/libdyld.dylib
0x0000000030a61000 	/usr/lib/system/libkeymgr.dylib
0x0000000030a61000 	/usr/lib/system/liblaunch.dylib
0x0000000030a61000 	/usr/lib/system/libmacho.dylib
0x0000000030a61000 	/usr/lib/system/libquarantine.dylib
0x0000000030a61000 	/usr/lib/system/libremovefile.dylib
0x0000000030a61000 	/usr/lib/system/libsystem_asl.dylib
0x0000000030a61000 	/usr/lib/system/libsystem_blocks.dylib
0x0000000030a61000 	/usr/lib/system/libsystem_c.dylib
0x0000000030a61000 	/usr/lib/system/libsystem_configuration.dylib
0x0000000030a61000 	/usr/lib/system/libsystem_coreservices.dylib
0x0000000030a61000 	/usr/lib/system/libsystem_coretls.dylib
0x0000000030a61000 	/usr/lib/system/libsystem_dnssd.dylib
0x0000000030a61000 	/usr/lib/system/libsystem_info.dylib
0x0000000030a61000 	/usr/lib/system/libsystem_kernel.dylib
0x0000000030a61000 	/usr/lib/system/libsystem_m.dylib
0x0000000030a61000 	/usr/lib/system/libsystem_malloc.dylib
0x0000000030a61000 	/usr/lib/system/libsystem_network.dylib
0x0000000030a61000 	/usr/lib/system/libsystem_networkextension.dylib
0x0000000030a61000 	/usr/lib/system/libsystem_notify.dylib
0x0000000030a61000 	/usr/lib/system/libsystem_platform.dylib
0x0000000030a61000 	/usr/lib/system/libsystem_pthread.dylib
0x0000000030a61000 	/usr/lib/system/libsystem_sandbox.dylib
0x0000000030a61000 	/usr/lib/system/libsystem_secinit.dylib
0x0000000030a61000 	/usr/lib/system/libsystem_symptoms.dylib
0x0000000030a61000 	/usr/lib/system/libsystem_trace.dylib
0x0000000030a61000 	/usr/lib/system/libunwind.dylib
0x0000000030a61000 	/usr/lib/system/libxpc.dylib
0x0000000030a61000 	/usr/lib/libbsm.0.dylib
0x0000000030a61000 	/usr/lib/system/libkxld.dylib
0x0000000030a61000 	/usr/lib/libcoretls.dylib
0x0000000030a61000 	/usr/lib/libcoretls_cfhelpers.dylib
0x0000000030a61000 	/usr/lib/libOpenScriptingUtil.dylib
0x0000000030a61000 	/usr/lib/libpam.2.dylib
0x0000000030a61000 	/usr/lib/libsqlite3.dylib
0x0000000030a61000 	/usr/lib/libxar.1.dylib
0x0000000030a61000 	/usr/lib/libbz2.1.0.dylib
0x0000000030a61000 	/usr/lib/liblzma.5.dylib
0x0000000030a61000 	/usr/lib/libnetwork.dylib
0x0000000030a61000 	/usr/lib/libpcap.A.dylib
0x0000000030a61000 	/System/Library/Frameworks/CoreServices.framework/Versions/A/Frameworks/FSEvents.framework/Versions/A/FSEvents
0x0000000030a61000 	/System/Library/Frameworks/CoreServices.framework/Versions/A/Frameworks/CarbonCore.framework/Versions/A/CarbonCore
0x0000000030a61000 	/System/Library/Frameworks/CoreServices.framework/Versions/A/Frameworks/Metadata.framework/Versions/A/Metadata
0x0000000030a61000 	/System/Library/Frameworks/CoreServices.framework/Versions/A/Frameworks/OSServices.framework/Versions/A/OSServices
0x0000000030a61000 	/System/Library/Frameworks/CoreServices.framework/Versions/A/Frameworks/SearchKit.framework/Versions/A/SearchKit
0x0000000030a61000 	/System/Library/Frameworks/CoreServices.framework/Versions/A/Frameworks/AE.framework/Versions/A/AE
0x0000000030a61000 	/System/Library/Frameworks/CoreServices.framework/Versions/A/Frameworks/LaunchServices.framework/Versions/A/LaunchServices
0x0000000030a61000 	/System/Library/Frameworks/CoreServices.framework/Versions/A/Frameworks/DictionaryServices.framework/Versions/A/DictionaryServices
0x0000000030a61000 	/System/Library/Frameworks/CoreServices.framework/Versions/A/Frameworks/SharedFileList.framework/Versions/A/SharedFileList
0x0000000030a61000 	/System/Library/Frameworks/NetFS.framework/Versions/A/NetFS
0x0000000030a61000 	/System/Library/PrivateFrameworks/NetAuth.framework/Versions/A/NetAuth
0x0000000030a61000 	/System/Library/PrivateFrameworks/login.framework/Versions/A/Frameworks/loginsupport.framework/Versions/A/loginsupport
0x0000000030a61000 	/System/Library/PrivateFrameworks/TCC.framework/Versions/A/TCC
0x0000000030a61000 	/usr/lib/libmecabra.dylib
0x0000000030a61000 	/System/Library/Frameworks/ApplicationServices.framework/Versions/A/Frameworks/ATS.framework/Versions/A/ATS
0x0000000030a61000 	/System/Library/Frameworks/ApplicationServices.framework/Versions/A/Frameworks/ColorSync.framework/Versions/A/ColorSync
0x0000000030a61000 	/System/Library/Frameworks/ApplicationServices.framework/Versions/A/Frameworks/HIServices.framework/Versions/A/HIServices
0x0000000030a61000 	/System/Library/Frameworks/ApplicationServices.framework/Versions/A/Frameworks/LangAnalysis.framework/Versions/A/LangAnalysis
0x0000000030a61000 	/System/Library/Frameworks/ApplicationServices.framework/Versions/A/Frameworks/PrintCore.framework/Versions/A/PrintCore
0x0000000030a61000 	/System/Library/Frameworks/ApplicationServices.framework/Versions/A/Frameworks/QD.framework/Versions/A/QD
0x0000000030a61000 	/System/Library/Frameworks/ApplicationServices.framework/Versions/A/Frameworks/SpeechSynthesis.framework/Versions/A/SpeechSynthesis
0x0000000030a61000 	/System/Library/Frameworks/Accelerate.framework/Versions/A/Frameworks/vImage.framework/Versions/A/vImage
0x0000000030a61000 	/System/Library/Frameworks/Accelerate.framework/Versions/A/Frameworks/vecLib.framework/Versions/A/vecLib
0x0000000030a61000 	/System/Library/Frameworks/Accelerate.framework/Versions/A/Frameworks/vecLib.framework/Versions/A/libvDSP.dylib
0x0000000030a61000 	/System/Library/Frameworks/Accelerate.framework/Versions/A/Frameworks/vecLib.framework/Versions/A/libBNNS.dylib
0x0000000030a61000 	/System/Library/Frameworks/Accelerate.framework/Versions/A/Frameworks/vecLib.framework/Versions/A/libQuadrature.dylib
0x0000000030a61000 	/System/Library/Frameworks/Accelerate.framework/Versions/A/Frameworks/vecLib.framework/Versions/A/libvMisc.dylib
0x0000000030a61000 	/System/Library/Frameworks/Accelerate.framework/Versions/A/Frameworks/vecLib.framework/Versions/A/libLAPACK.dylib
0x0000000030a61000 	/System/Library/Frameworks/Accelerate.framework/Versions/A/Frameworks/vecLib.framework/Versions/A/libBLAS.dylib
0x0000000030a61000 	/System/Library/Frameworks/Accelerate.framework/Versions/A/Frameworks/vecLib.framework/Versions/A/libLinearAlgebra.dylib
0x0000000030a61000 	/System/Library/Frameworks/Accelerate.framework/Versions/A/Frameworks/vecLib.framework/Versions/A/libSparseBLAS.dylib
0x0000000030a61000 	/System/Library/Frameworks/ApplicationServices.framework/Versions/A/Frameworks/ATS.framework/Versions/A/Resources/libFontParser.dylib
0x0000000030a61000 	/System/Library/Frameworks/ApplicationServices.framework/Versions/A/Frameworks/ATS.framework/Versions/A/Resources/libFontRegistry.dylib
0x0000000030a61000 	/System/Library/Frameworks/ImageIO.framework/Versions/A/Resources/libJPEG.dylib
0x0000000030a61000 	/System/Library/Frameworks/ImageIO.framework/Versions/A/Resources/libTIFF.dylib
0x0000000030a61000 	/System/Library/Frameworks/ImageIO.framework/Versions/A/Resources/libPng.dylib
0x0000000030a61000 	/System/Library/Frameworks/ImageIO.framework/Versions/A/Resources/libGIF.dylib
0x0000000030a61000 	/System/Library/Frameworks/ImageIO.framework/Versions/A/Resources/libJP2.dylib
0x0000000030a61000 	/System/Library/Frameworks/ImageIO.framework/Versions/A/Resources/libRadiance.dylib
0x0000000030a61000 	/usr/lib/libcompression.dylib
0x0000000030a61000 	/System/Library/PrivateFrameworks/AppleJPEG.framework/Versions/A/AppleJPEG
0x0000000030a61000 	/usr/lib/libcups.2.dylib
0x0000000030a61000 	/System/Library/Frameworks/Kerberos.framework/Versions/A/Kerberos
0x0000000030a61000 	/System/Library/Frameworks/GSS.framework/Versions/A/GSS
0x0000000030a61000 	/usr/lib/libresolv.9.dylib
0x0000000030a61000 	/usr/lib/libiconv.2.dylib
0x0000000030a61000 	/System/Library/PrivateFrameworks/Heimdal.framework/Versions/A/Heimdal
0x0000000030a61000 	/usr/lib/libheimdal-asn1.dylib
0x0000000030a61000 	/System/Library/Frameworks/OpenDirectory.framework/Versions/A/OpenDirectory
0x0000000030a61000 	/System/Library/PrivateFrameworks/CommonAuth.framework/Versions/A/CommonAuth
0x0000000030a61000 	/System/Library/Frameworks/OpenDirectory.framework/Versions/A/Frameworks/CFOpenDirectory.framework/Versions/A/CFOpenDirectory
0x0000000030a61000 	/System/Library/Frameworks/SecurityFoundation.framework/Versions/A/SecurityFoundation
0x0000000030a61000 	/System/Library/PrivateFrameworks/LanguageModeling.framework/Versions/A/LanguageModeling
0x0000000030a61000 	/usr/lib/libmarisa.dylib
0x0000000030a61000 	/usr/lib/libChineseTokenizer.dylib
0x0000000030a61000 	/usr/lib/libcmph.dylib
0x0000000030a61000 	/System/Library/PrivateFrameworks/CoreEmoji.framework/Versions/A/CoreEmoji
0x0000000030a61000 	/System/Library/Frameworks/ServiceManagement.framework/Versions/A/ServiceManagement
0x0000000030a61000 	/usr/lib/libxslt.1.dylib
0x0000000030a61000 	/System/Library/Frameworks/Carbon.framework/Versions/A/Frameworks/Ink.framework/Versions/A/Ink
0x0000000030a61000 	/System/Library/PrivateFrameworks/TextureIO.framework/Versions/A/TextureIO
0x0000000030a61000 	/System/Library/Frameworks/Metal.framework/Versions/A/Metal
0x0000000030a61000 	/usr/lib/libate.dylib
0x0000000030a61000 	/System/Library/PrivateFrameworks/GPUCompiler.framework/libmetal_timestamp.dylib
0x0000000030a61000 	/System/Library/Frameworks/OpenGL.framework/Versions/A/Libraries/libCoreFSCache.dylib
0x0000000030a61000 	/System/Library/PrivateFrameworks/IOAccelerator.framework/Versions/A/IOAccelerator
0x0000000030a61000 	/System/Library/Frameworks/CoreVideo.framework/Versions/A/CoreVideo
0x0000000030a61000 	/usr/lib/libFosl_dynamic.dylib
0x0000000030a61000 	/System/Library/PrivateFrameworks/MetalPerformanceShaders.framework/Versions/A/MetalPerformanceShaders
0x0000000030a61000 	/System/Library/PrivateFrameworks/FaceCore.framework/Versions/A/FaceCore
0x0000000030a61000 	/System/Library/Frameworks/OpenCL.framework/Versions/A/OpenCL
0x0000000030a61000 	/System/Library/Frameworks/OpenGL.framework/Versions/A/Libraries/libGLU.dylib
0x0000000030a61000 	/System/Library/Frameworks/OpenGL.framework/Versions/A/Libraries/libGFXShared.dylib
0x0000000030a61000 	/System/Library/Frameworks/OpenGL.framework/Versions/A/Libraries/libGL.dylib
0x0000000030a61000 	/System/Library/Frameworks/OpenGL.framework/Versions/A/Libraries/libGLImage.dylib
0x0000000030a61000 	/System/Library/Frameworks/OpenGL.framework/Versions/A/Libraries/libCVMSPluginSupport.dylib
0x0000000030a61000 	/System/Library/Frameworks/OpenGL.framework/Versions/A/Libraries/libCoreVMClient.dylib
0x0000000030a61000 	/System/Library/PrivateFrameworks/CrashReporterSupport.framework/Versions/A/CrashReporterSupport
0x0000000030a61000 	/System/Library/PrivateFrameworks/Sharing.framework/Versions/A/Sharing
0x0000000030a61000 	/System/Library/PrivateFrameworks/IconServices.framework/Versions/A/IconServices
0x0000000030a61000 	/System/Library/PrivateFrameworks/ProtocolBuffer.framework/Versions/A/ProtocolBuffer
0x0000000030a61000 	/System/Library/PrivateFrameworks/Apple80211.framework/Versions/A/Apple80211
0x0000000030a61000 	/System/Library/Frameworks/CoreWLAN.framework/Versions/A/CoreWLAN
0x0000000030a61000 	/System/Library/PrivateFrameworks/CoreUtils.framework/Versions/A/CoreUtils
0x0000000030a61000 	/System/Library/Frameworks/IOBluetooth.framework/Versions/A/IOBluetooth
0x0000000030a61000 	/System/Library/PrivateFrameworks/CoreWiFi.framework/Versions/A/CoreWiFi
0x0000000030a61000 	/System/Library/Frameworks/CoreBluetooth.framework/Versions/A/CoreBluetooth
0x0000000030a61000 	/System/Library/Frameworks/CoreDisplay.framework/Versions/A/CoreDisplay
0x0000000030a61000 	/System/Library/PrivateFrameworks/IOPresentment.framework/Versions/A/IOPresentment
0x0000000030a61000 	/System/Library/PrivateFrameworks/DSExternalDisplay.framework/Versions/A/DSExternalDisplay
0x0000000030a61000 	/System/Library/PrivateFrameworks/DebugSymbols.framework/Versions/A/DebugSymbols
0x0000000030a61000 	/System/Library/PrivateFrameworks/CoreSymbolication.framework/Versions/A/CoreSymbolication
0x0000000030a61000 	/System/Library/PrivateFrameworks/Symbolication.framework/Versions/A/Symbolication
0x0000000030a61000 	/System/Library/PrivateFrameworks/AppleFSCompression.framework/Versions/A/AppleFSCompression
0x0000000030a61000 	/System/Library/PrivateFrameworks/SpeechRecognitionCore.framework/Versions/A/SpeechRecognitionCore
0x0000000030a61000 	/System/Library/PrivateFrameworks/ChunkingLibrary.framework/Versions/A/ChunkingLibrary
0x0000000104cc0000 	/Library/Java/JavaVirtualMachines/jdk1.8.0_91.jdk/Contents/Home/jre/lib/server/libjvm.dylib
0x0000000030a61000 	/usr/lib/libstdc++.6.dylib
0x0000000103e45000 	/Library/Java/JavaVirtualMachines/jdk1.8.0_91.jdk/Contents/Home/jre/lib/libverify.dylib
0x0000000103e53000 	/Library/Java/JavaVirtualMachines/jdk1.8.0_91.jdk/Contents/Home/jre/lib/libjava.dylib
0x0000000103e89000 	/Library/Java/JavaVirtualMachines/jdk1.8.0_91.jdk/Contents/Home/jre/lib/libjdwp.dylib
0x0000000103ed4000 	/Library/Java/JavaVirtualMachines/jdk1.8.0_91.jdk/Contents/Home/jre/lib/libnpt.dylib
0x0000000103ee1000 	/Library/Java/JavaVirtualMachines/jdk1.8.0_91.jdk/Contents/Home/jre/lib/libzip.dylib
0x000000011b09a000 	/System/Library/Frameworks/JavaVM.framework/Frameworks/JavaRuntimeSupport.framework/JavaRuntimeSupport
0x0000000103fe7000 	/System/Library/Frameworks/JavaVM.framework/Versions/A/Frameworks/JavaNativeFoundation.framework/Versions/A/JavaNativeFoundation
0x0000000104c20000 	/System/Library/Frameworks/JavaVM.framework/Versions/A/JavaVM
0x0000000030a61000 	/System/Library/Frameworks/Carbon.framework/Versions/A/Carbon
0x000000011b0b4000 	/System/Library/PrivateFrameworks/JavaLaunching.framework/Versions/A/JavaLaunching
0x0000000030a61000 	/System/Library/Frameworks/Carbon.framework/Versions/A/Frameworks/CommonPanels.framework/Versions/A/CommonPanels
0x0000000030a61000 	/System/Library/Frameworks/Carbon.framework/Versions/A/Frameworks/Help.framework/Versions/A/Help
0x0000000030a61000 	/System/Library/Frameworks/Carbon.framework/Versions/A/Frameworks/ImageCapture.framework/Versions/A/ImageCapture
0x0000000030a61000 	/System/Library/Frameworks/Carbon.framework/Versions/A/Frameworks/OpenScripting.framework/Versions/A/OpenScripting
0x0000000030a61000 	/System/Library/Frameworks/Carbon.framework/Versions/A/Frameworks/Print.framework/Versions/A/Print
0x0000000030a61000 	/System/Library/Frameworks/Carbon.framework/Versions/A/Frameworks/SecurityHI.framework/Versions/A/SecurityHI
0x000000011c9b9000 	/Library/Java/JavaVirtualMachines/jdk1.8.0_91.jdk/Contents/Home/jre/lib/libdt_socket.dylib
0x000000011c9c0000 	/Library/Java/JavaVirtualMachines/jdk1.8.0_91.jdk/Contents/Home/jre/lib/libmanagement.dylib
0x000000011c9ce000 	/Library/Java/JavaVirtualMachines/jdk1.8.0_91.jdk/Contents/Home/jre/lib/libnet.dylib
0x000000011ca2d000 	/Library/Java/JavaVirtualMachines/jdk1.8.0_91.jdk/Contents/Home/jre/lib/libnio.dylib
0x000000011f467000 	/Library/Java/JavaVirtualMachines/jdk1.8.0_91.jdk/Contents/Home/jre/lib/libsunec.dylib

VM Arguments:
jvm_args: -agentlib:jdwp=transport=dt_socket,suspend=y,address=localhost:49498 -Dcom.sun.management.jmxremote -Dcom.sun.management.jmxremote.port=49497 -Dcom.sun.management.jmxremote.authenticate=false -Dcom.sun.management.jmxremote.ssl=false -Djava.rmi.server.hostname=localhost -Dspring.liveBeansView.mbeanDomain -Dspring.application.admin.enabled=true -Djava.security.egd=file:/dev/./urandom -Xverify:none -XX:TieredStopAtLevel=1 -Dfile.encoding=UTF-8 
java_command: com.sourcesense.freakymongoservice.FreakyMongoServiceApplication --spring.output.ansi.enabled=always
java_class_path (initial): /Library/Java/JavaVirtualMachines/jdk1.8.0_91.jdk/Contents/Home/jre/lib/resources.jar:/Library/Java/JavaVirtualMachines/jdk1.8.0_91.jdk/Contents/Home/jre/lib/rt.jar:/Library/Java/JavaVirtualMachines/jdk1.8.0_91.jdk/Contents/Home/jre/lib/jsse.jar:/Library/Java/JavaVirtualMachines/jdk1.8.0_91.jdk/Contents/Home/jre/lib/jce.jar:/Library/Java/JavaVirtualMachines/jdk1.8.0_91.jdk/Contents/Home/jre/lib/charsets.jar:/Library/Java/JavaVirtualMachines/jdk1.8.0_91.jdk/Contents/Home/jre/lib/jfr.jar:/Library/Java/JavaVirtualMachines/jdk1.8.0_91.jdk/Contents/Home/jre/lib/ext/cldrdata.jar:/Library/Java/JavaVirtualMachines/jdk1.8.0_91.jdk/Contents/Home/jre/lib/ext/dnsns.jar:/Library/Java/JavaVirtualMachines/jdk1.8.0_91.jdk/Contents/Home/jre/lib/ext/jaccess.jar:/Library/Java/JavaVirtualMachines/jdk1.8.0_91.jdk/Contents/Home/jre/lib/ext/jfxrt.jar:/Library/Java/JavaVirtualMachines/jdk1.8.0_91.jdk/Contents/Home/jre/lib/ext/localedata.jar:/Library/Java/JavaVirtualMachines/jdk1.8.0_91.jdk/Contents/Home/jre/lib/ext/nashorn.jar:/Library/Java/JavaVirtualMachines/jdk1.8.0_91.jdk/Contents/Home/jre/lib/ext/sunec.jar:/Library/Java/JavaVirtualMachines/jdk1.8.0_91.jdk/Contents/Home/jre/lib/ext/sunjce_provider.jar:/Library/Java/JavaVirtualMachines/jdk1.8.0_91.jdk/Contents/Home/jre/lib/ext/sunpkcs11.jar:/Library/Java/JavaVirtualMachines/jdk1.8.0_91.jdk/Contents/Home/jre/lib/ext/zipfs.jar:/System/Library/Java/Extensions/MRJToolkit.jar:/Users/gpeluso/Documents/workspace-freakyhours/freaky-mongo-service/bin/main:/Users/gpeluso/Documents/workspace-freakyhours/freaky-mongo-service/bin/test:/freaky-mongo-service/bin/default:/Users/gpeluso/.gradle/caches/modules-2/files-2.1/org.springframework.boot/spring-boot-starter-data-mongodb-reactive/2.0.1.RELEASE/cff28b4f673db4e63de56183000bb36a55282036/spring-boot-starter-data-mongodb-reactive-2.0.1.RELEASE.jar:/Users/gpeluso/.gradle/caches/modules-2/files-2.1/org.springframework.boot/spring-boot-starter-webflux/2.0.1.RELEASE/521e563e88
Launcher Type: SUN_STANDARD

Environment Variables:
PATH=/usr/bin:/bin:/usr/sbin:/sbin
SHELL=/bin/bash
DISPLAY=/private/tmp/com.apple.launchd.AOJgqpWMam/org.macosforge.xquartz:0

Signal Handlers:
SIGSEGV: [libjvm.dylib+0x5a97a1], sa_mask[0]=11111111011111110111111111111111, sa_flags=SA_ONSTACK|SA_RESTART|SA_SIGINFO
SIGBUS: [libjvm.dylib+0x5a97a1], sa_mask[0]=11111111011111110111111111111111, sa_flags=SA_RESTART|SA_SIGINFO
SIGFPE: [libjvm.dylib+0x482594], sa_mask[0]=11111111011111110111111111111111, sa_flags=SA_RESTART|SA_SIGINFO
SIGPIPE: [libjvm.dylib+0x482594], sa_mask[0]=11111111011111110111111111111111, sa_flags=SA_RESTART|SA_SIGINFO
SIGXFSZ: [libjvm.dylib+0x482594], sa_mask[0]=11111111011111110111111111111111, sa_flags=SA_RESTART|SA_SIGINFO
SIGILL: [libjvm.dylib+0x482594], sa_mask[0]=11111111011111110111111111111111, sa_flags=SA_RESTART|SA_SIGINFO
SIGUSR1: SIG_DFL, sa_mask[0]=00000000000000000000000000000000, sa_flags=none
SIGUSR2: [libjvm.dylib+0x4820b2], sa_mask[0]=00100000000000000000000000000000, sa_flags=SA_RESTART|SA_SIGINFO
SIGHUP: [libjvm.dylib+0x480689], sa_mask[0]=11111111011111110111111111111111, sa_flags=SA_RESTART|SA_SIGINFO
SIGINT: [libjvm.dylib+0x480689], sa_mask[0]=11111111011111110111111111111111, sa_flags=SA_RESTART|SA_SIGINFO
SIGTERM: [libjvm.dylib+0x480689], sa_mask[0]=11111111011111110111111111111111, sa_flags=SA_RESTART|SA_SIGINFO
SIGQUIT: [libjvm.dylib+0x480689], sa_mask[0]=11111111011111110111111111111111, sa_flags=SA_RESTART|SA_SIGINFO


---------------  S Y S T E M  ---------------

OS:Bsduname:Darwin 16.7.0 Darwin Kernel Version 16.7.0: Thu Jan 11 22:59:40 PST 2018; root:xnu-3789.73.8~1/RELEASE_X86_64 x86_64
rlimit: STACK 8192k, CORE 0k, NPROC 709, NOFILE 10240, AS infinity
load average:2.50 3.31 4.83

CPU:total 4 (2 cores per cpu, 2 threads per core) family 6 model 69 stepping 1, cmov, cx8, fxsr, mmx, sse, sse2, sse3, ssse3, sse4.1, sse4.2, popcnt, avx, avx2, aes, clmul, erms, lzcnt, ht, tsc, tscinvbit, bmi1, bmi2

Memory: 4k page, physical 8388608k(202068k free)

/proc/meminfo:


vm_info: Java HotSpot(TM) 64-Bit Server VM (25.91-b14) for bsd-amd64 JRE (1.8.0_91-b14), built on Apr  1 2016 01:03:00 by "java_re" with gcc 4.2.1 (Based on Apple Inc. build 5658) (LLVM build 2336.11.00)

time: Sat May  5 10:34:27 2018
elapsed time: 1139 seconds (0d 0h 18m 59s)

